2018/12/18 14:16:39 [error] [exception.ParseError] ParseError: syntax error, unexpected '<', expecting end of file in /opt/lampp/htdocs/mts/protected/views/material/index.php:72
Stack trace:
#0 /opt/lampp/htdocs/mts/framework/web/CBaseController.php(95): CBaseController->renderInternal('/opt/lampp/htdo...', Array, true)
#1 /opt/lampp/htdocs/mts/framework/web/CController.php(869): CBaseController->renderFile('/opt/lampp/htdo...', Array, true)
#2 /opt/lampp/htdocs/mts/framework/web/CController.php(782): CController->renderPartial('index', Array, true)
#3 /opt/lampp/htdocs/mts/protected/controllers/MaterialController.php(378): CController->render('index', Array)
#4 /opt/lampp/htdocs/mts/framework/web/actions/CInlineAction.php(49): MaterialController->actionIndex()
#5 /opt/lampp/htdocs/mts/framework/web/CController.php(308): CInlineAction->runWithParams(Array)
#6 /opt/lampp/htdocs/mts/framework/web/filters/CFilterChain.php(133): CController->runAction(Object(CInlineAction))
#7 /opt/lampp/htdocs/mts/framework/web/filters/CFilter.php(40): CFilterChain->run()
#8 /opt/lampp/htdocs/mts/framework/web/CController.php(1145): CFilter->filter(Object(CFilterChain))
#9 /opt/lampp/htdocs/mts/framework/web/filters/CInlineFilter.php(58): CController->filterAccessControl(Object(CFilterChain))
#10 /opt/lampp/htdocs/mts/framework/web/filters/CFilterChain.php(130): CInlineFilter->filter(Object(CFilterChain))
#11 /opt/lampp/htdocs/mts/framework/web/CController.php(291): CFilterChain->run()
#12 /opt/lampp/htdocs/mts/framework/web/CController.php(265): CController->runActionWithFilters(Object(CInlineAction), Array)
#13 /opt/lampp/htdocs/mts/framework/web/CWebApplication.php(282): CController->run('index')
#14 /opt/lampp/htdocs/mts/framework/web/CWebApplication.php(141): CWebApplication->runController('material/index')
#15 /opt/lampp/htdocs/mts/framework/base/CApplication.php(180): CWebApplication->processRequest()
#16 /opt/lampp/htdocs/mts/index.php(13): CApplication->run()
#17 {main}
REQUEST_URI=/mts/index.php/material/index
HTTP_REFERER=http://localhost/mts/
---
2018/12/18 14:16:56 [error] [exception.CException] CException: Property "Material.dokeng" is not defined. in /opt/lampp/htdocs/mts/framework/base/CComponent.php:130
Stack trace:
#0 /opt/lampp/htdocs/mts/framework/db/ar/CActiveRecord.php(145): CComponent->__get('dokeng')
#1 /opt/lampp/htdocs/mts/framework/base/CComponent.php(612) : eval()'d code(1): CActiveRecord->__get('dokeng')
#2 /opt/lampp/htdocs/mts/framework/base/CComponent.php(612): eval()
#3 /opt/lampp/htdocs/mts/framework/zii/widgets/grid/CDataColumn.php(137): CComponent->evaluateExpression('selisih(date("Y...', Array)
#4 /opt/lampp/htdocs/mts/framework/zii/widgets/grid/CGridColumn.php(151): CDataColumn->renderDataCellContent(0, Object(Material))
#5 /opt/lampp/htdocs/mts/framework/zii/widgets/grid/CGridView.php(616): CGridColumn->renderDataCell(0)
#6 /opt/lampp/htdocs/mts/framework/zii/widgets/grid/CGridView.php(572): CGridView->renderTableRow(0)
#7 /opt/lampp/htdocs/mts/framework/zii/widgets/grid/CGridView.php(482): CGridView->renderTableBody()
#8 /opt/lampp/htdocs/mts/framework/zii/widgets/CBaseListView.php(167): CGridView->renderItems()
#9 [internal function]: CBaseListView->renderSection(Array)
#10 /opt/lampp/htdocs/mts/framework/zii/widgets/CBaseListView.php(150): preg_replace_callback('/{(\\w+)}/', Array, '{items} {pager}')
#11 /opt/lampp/htdocs/mts/framework/zii/widgets/CBaseListView.php(135): CBaseListView->renderContent()
#12 /opt/lampp/htdocs/mts/framework/web/CBaseController.php(173): CBaseListView->run()
#13 /opt/lampp/htdocs/mts/protected/views/material/index.php(132): CBaseController->widget('zii.widgets.gri...', Array)
#14 /opt/lampp/htdocs/mts/framework/web/CBaseController.php(126): require('/opt/lampp/htdo...')
#15 /opt/lampp/htdocs/mts/framework/web/CBaseController.php(95): CBaseController->renderInternal('/opt/lampp/htdo...', Array, true)
#16 /opt/lampp/htdocs/mts/framework/web/CController.php(869): CBaseController->renderFile('/opt/lampp/htdo...', Array, true)
#17 /opt/lampp/htdocs/mts/framework/web/CController.php(782): CController->renderPartial('index', Array, true)
#18 /opt/lampp/htdocs/mts/protected/controllers/MaterialController.php(378): CController->render('index', Array)
#19 /opt/lampp/htdocs/mts/framework/web/actions/CInlineAction.php(49): MaterialController->actionIndex()
#20 /opt/lampp/htdocs/mts/framework/web/CController.php(308): CInlineAction->runWithParams(Array)
#21 /opt/lampp/htdocs/mts/framework/web/filters/CFilterChain.php(133): CController->runAction(Object(CInlineAction))
#22 /opt/lampp/htdocs/mts/framework/web/filters/CFilter.php(40): CFilterChain->run()
#23 /opt/lampp/htdocs/mts/framework/web/CController.php(1145): CFilter->filter(Object(CFilterChain))
#24 /opt/lampp/htdocs/mts/framework/web/filters/CInlineFilter.php(58): CController->filterAccessControl(Object(CFilterChain))
#25 /opt/lampp/htdocs/mts/framework/web/filters/CFilterChain.php(130): CInlineFilter->filter(Object(CFilterChain))
#26 /opt/lampp/htdocs/mts/framework/web/CController.php(291): CFilterChain->run()
#27 /opt/lampp/htdocs/mts/framework/web/CController.php(265): CController->runActionWithFilters(Object(CInlineAction), Array)
#28 /opt/lampp/htdocs/mts/framework/web/CWebApplication.php(282): CController->run('index')
#29 /opt/lampp/htdocs/mts/framework/web/CWebApplication.php(141): CWebApplication->runController('material/index')
#30 /opt/lampp/htdocs/mts/framework/base/CApplication.php(180): CWebApplication->processRequest()
#31 /opt/lampp/htdocs/mts/index.php(13): CApplication->run()
#32 {main}
REQUEST_URI=/mts/index.php/material/index
HTTP_REFERER=http://localhost/mts/
---
2018/12/18 16:02:26 [error] [exception.CHttpException.404] CHttpException: Unable to resolve the request "status". in /opt/lampp/htdocs/mts/framework/web/CWebApplication.php:286
Stack trace:
#0 /opt/lampp/htdocs/mts/framework/web/CWebApplication.php(141): CWebApplication->runController('status')
#1 /opt/lampp/htdocs/mts/framework/base/CApplication.php(180): CWebApplication->processRequest()
#2 /opt/lampp/htdocs/mts/index.php(13): CApplication->run()
#3 {main}
REQUEST_URI=/mts/index.php/status
---
2018/12/18 16:46:34 [error] [exception.ParseError] ParseError: syntax error, unexpected 'switch' (T_SWITCH) in /opt/lampp/htdocs/mts/protected/views/material/index.php:64
Stack trace:
#0 /opt/lampp/htdocs/mts/framework/web/CBaseController.php(95): CBaseController->renderInternal('/opt/lampp/htdo...', Array, true)
#1 /opt/lampp/htdocs/mts/framework/web/CController.php(869): CBaseController->renderFile('/opt/lampp/htdo...', Array, true)
#2 /opt/lampp/htdocs/mts/framework/web/CController.php(782): CController->renderPartial('index', Array, true)
#3 /opt/lampp/htdocs/mts/protected/controllers/MaterialController.php(378): CController->render('index', Array)
#4 /opt/lampp/htdocs/mts/framework/web/actions/CInlineAction.php(49): MaterialController->actionIndex()
#5 /opt/lampp/htdocs/mts/framework/web/CController.php(308): CInlineAction->runWithParams(Array)
#6 /opt/lampp/htdocs/mts/framework/web/filters/CFilterChain.php(133): CController->runAction(Object(CInlineAction))
#7 /opt/lampp/htdocs/mts/framework/web/filters/CFilter.php(40): CFilterChain->run()
#8 /opt/lampp/htdocs/mts/framework/web/CController.php(1145): CFilter->filter(Object(CFilterChain))
#9 /opt/lampp/htdocs/mts/framework/web/filters/CInlineFilter.php(58): CController->filterAccessControl(Object(CFilterChain))
#10 /opt/lampp/htdocs/mts/framework/web/filters/CFilterChain.php(130): CInlineFilter->filter(Object(CFilterChain))
#11 /opt/lampp/htdocs/mts/framework/web/CController.php(291): CFilterChain->run()
#12 /opt/lampp/htdocs/mts/framework/web/CController.php(265): CController->runActionWithFilters(Object(CInlineAction), Array)
#13 /opt/lampp/htdocs/mts/framework/web/CWebApplication.php(282): CController->run('index')
#14 /opt/lampp/htdocs/mts/framework/web/CWebApplication.php(141): CWebApplication->runController('material/index')
#15 /opt/lampp/htdocs/mts/framework/base/CApplication.php(180): CWebApplication->processRequest()
#16 /opt/lampp/htdocs/mts/index.php(13): CApplication->run()
#17 {main}
REQUEST_URI=/mts/index.php/material/index
HTTP_REFERER=http://localhost/mts/
---
2018/12/18 16:55:28 [error] [exception.ParseError] ParseError: syntax error, unexpected '>=' (T_IS_GREATER_OR_EQUAL) in /opt/lampp/htdocs/mts/protected/views/material/index.php:65
Stack trace:
#0 /opt/lampp/htdocs/mts/framework/web/CBaseController.php(95): CBaseController->renderInternal('/opt/lampp/htdo...', Array, true)
#1 /opt/lampp/htdocs/mts/framework/web/CController.php(869): CBaseController->renderFile('/opt/lampp/htdo...', Array, true)
#2 /opt/lampp/htdocs/mts/framework/web/CController.php(782): CController->renderPartial('index', Array, true)
#3 /opt/lampp/htdocs/mts/protected/controllers/MaterialController.php(378): CController->render('index', Array)
#4 /opt/lampp/htdocs/mts/framework/web/actions/CInlineAction.php(49): MaterialController->actionIndex()
#5 /opt/lampp/htdocs/mts/framework/web/CController.php(308): CInlineAction->runWithParams(Array)
#6 /opt/lampp/htdocs/mts/framework/web/filters/CFilterChain.php(133): CController->runAction(Object(CInlineAction))
#7 /opt/lampp/htdocs/mts/framework/web/filters/CFilter.php(40): CFilterChain->run()
#8 /opt/lampp/htdocs/mts/framework/web/CController.php(1145): CFilter->filter(Object(CFilterChain))
#9 /opt/lampp/htdocs/mts/framework/web/filters/CInlineFilter.php(58): CController->filterAccessControl(Object(CFilterChain))
#10 /opt/lampp/htdocs/mts/framework/web/filters/CFilterChain.php(130): CInlineFilter->filter(Object(CFilterChain))
#11 /opt/lampp/htdocs/mts/framework/web/CController.php(291): CFilterChain->run()
#12 /opt/lampp/htdocs/mts/framework/web/CController.php(265): CController->runActionWithFilters(Object(CInlineAction), Array)
#13 /opt/lampp/htdocs/mts/framework/web/CWebApplication.php(282): CController->run('index')
#14 /opt/lampp/htdocs/mts/framework/web/CWebApplication.php(141): CWebApplication->runController('material/index')
#15 /opt/lampp/htdocs/mts/framework/base/CApplication.php(180): CWebApplication->processRequest()
#16 /opt/lampp/htdocs/mts/index.php(13): CApplication->run()
#17 {main}
REQUEST_URI=/mts/index.php/material/index
HTTP_REFERER=http://localhost/mts/
---
2018/12/18 16:56:06 [error] [exception.ParseError] ParseError: syntax error, unexpected '>=' (T_IS_GREATER_OR_EQUAL) in /opt/lampp/htdocs/mts/protected/views/material/index.php:65
Stack trace:
#0 /opt/lampp/htdocs/mts/framework/web/CBaseController.php(95): CBaseController->renderInternal('/opt/lampp/htdo...', Array, true)
#1 /opt/lampp/htdocs/mts/framework/web/CController.php(869): CBaseController->renderFile('/opt/lampp/htdo...', Array, true)
#2 /opt/lampp/htdocs/mts/framework/web/CController.php(782): CController->renderPartial('index', Array, true)
#3 /opt/lampp/htdocs/mts/protected/controllers/MaterialController.php(378): CController->render('index', Array)
#4 /opt/lampp/htdocs/mts/framework/web/actions/CInlineAction.php(49): MaterialController->actionIndex()
#5 /opt/lampp/htdocs/mts/framework/web/CController.php(308): CInlineAction->runWithParams(Array)
#6 /opt/lampp/htdocs/mts/framework/web/filters/CFilterChain.php(133): CController->runAction(Object(CInlineAction))
#7 /opt/lampp/htdocs/mts/framework/web/filters/CFilter.php(40): CFilterChain->run()
#8 /opt/lampp/htdocs/mts/framework/web/CController.php(1145): CFilter->filter(Object(CFilterChain))
#9 /opt/lampp/htdocs/mts/framework/web/filters/CInlineFilter.php(58): CController->filterAccessControl(Object(CFilterChain))
#10 /opt/lampp/htdocs/mts/framework/web/filters/CFilterChain.php(130): CInlineFilter->filter(Object(CFilterChain))
#11 /opt/lampp/htdocs/mts/framework/web/CController.php(291): CFilterChain->run()
#12 /opt/lampp/htdocs/mts/framework/web/CController.php(265): CController->runActionWithFilters(Object(CInlineAction), Array)
#13 /opt/lampp/htdocs/mts/framework/web/CWebApplication.php(282): CController->run('index')
#14 /opt/lampp/htdocs/mts/framework/web/CWebApplication.php(141): CWebApplication->runController('material/index')
#15 /opt/lampp/htdocs/mts/framework/base/CApplication.php(180): CWebApplication->processRequest()
#16 /opt/lampp/htdocs/mts/index.php(13): CApplication->run()
#17 {main}
REQUEST_URI=/mts/index.php/material/index
HTTP_REFERER=http://localhost/mts/
---
2018/12/18 16:56:26 [error] [exception.ParseError] ParseError: syntax error, unexpected '>=' (T_IS_GREATER_OR_EQUAL) in /opt/lampp/htdocs/mts/protected/views/material/index.php:83
Stack trace:
#0 /opt/lampp/htdocs/mts/framework/web/CBaseController.php(95): CBaseController->renderInternal('/opt/lampp/htdo...', Array, true)
#1 /opt/lampp/htdocs/mts/framework/web/CController.php(869): CBaseController->renderFile('/opt/lampp/htdo...', Array, true)
#2 /opt/lampp/htdocs/mts/framework/web/CController.php(782): CController->renderPartial('index', Array, true)
#3 /opt/lampp/htdocs/mts/protected/controllers/MaterialController.php(378): CController->render('index', Array)
#4 /opt/lampp/htdocs/mts/framework/web/actions/CInlineAction.php(49): MaterialController->actionIndex()
#5 /opt/lampp/htdocs/mts/framework/web/CController.php(308): CInlineAction->runWithParams(Array)
#6 /opt/lampp/htdocs/mts/framework/web/filters/CFilterChain.php(133): CController->runAction(Object(CInlineAction))
#7 /opt/lampp/htdocs/mts/framework/web/filters/CFilter.php(40): CFilterChain->run()
#8 /opt/lampp/htdocs/mts/framework/web/CController.php(1145): CFilter->filter(Object(CFilterChain))
#9 /opt/lampp/htdocs/mts/framework/web/filters/CInlineFilter.php(58): CController->filterAccessControl(Object(CFilterChain))
#10 /opt/lampp/htdocs/mts/framework/web/filters/CFilterChain.php(130): CInlineFilter->filter(Object(CFilterChain))
#11 /opt/lampp/htdocs/mts/framework/web/CController.php(291): CFilterChain->run()
#12 /opt/lampp/htdocs/mts/framework/web/CController.php(265): CController->runActionWithFilters(Object(CInlineAction), Array)
#13 /opt/lampp/htdocs/mts/framework/web/CWebApplication.php(282): CController->run('index')
#14 /opt/lampp/htdocs/mts/framework/web/CWebApplication.php(141): CWebApplication->runController('material/index')
#15 /opt/lampp/htdocs/mts/framework/base/CApplication.php(180): CWebApplication->processRequest()
#16 /opt/lampp/htdocs/mts/index.php(13): CApplication->run()
#17 {main}
REQUEST_URI=/mts/index.php/material/index
HTTP_REFERER=http://localhost/mts/
---
2018/12/18 16:57:04 [error] [php] Undefined variable: model (/opt/lampp/htdocs/mts/protected/views/material/index.php:66)
Stack trace:
#0 /opt/lampp/htdocs/mts/framework/zii/widgets/grid/CDataColumn.php(137): CDataColumn->evaluateExpression()
#1 /opt/lampp/htdocs/mts/framework/zii/widgets/grid/CGridColumn.php(151): CDataColumn->renderDataCellContent()
#2 /opt/lampp/htdocs/mts/framework/zii/widgets/grid/CGridView.php(616): CDataColumn->renderDataCell()
#3 /opt/lampp/htdocs/mts/framework/zii/widgets/grid/CGridView.php(572): CGridView->renderTableRow()
#4 /opt/lampp/htdocs/mts/framework/zii/widgets/grid/CGridView.php(482): CGridView->renderTableBody()
#5 /opt/lampp/htdocs/mts/framework/zii/widgets/CBaseListView.php(167): CGridView->renderItems()
#6 unknown(0): CGridView->renderSection()
#7 /opt/lampp/htdocs/mts/framework/zii/widgets/CBaseListView.php(150): preg_replace_callback()
#8 /opt/lampp/htdocs/mts/framework/zii/widgets/CBaseListView.php(135): CGridView->renderContent()
#9 /opt/lampp/htdocs/mts/framework/web/CBaseController.php(173): CGridView->run()
#10 /opt/lampp/htdocs/mts/protected/views/material/index.php(166): MaterialController->widget()
#11 /opt/lampp/htdocs/mts/framework/web/CBaseController.php(126): require()
#12 /opt/lampp/htdocs/mts/framework/web/CBaseController.php(95): MaterialController->renderInternal()
#13 /opt/lampp/htdocs/mts/framework/web/CController.php(869): MaterialController->renderFile()
#14 /opt/lampp/htdocs/mts/framework/web/CController.php(782): MaterialController->renderPartial()
#15 /opt/lampp/htdocs/mts/protected/controllers/MaterialController.php(378): MaterialController->render()
#16 /opt/lampp/htdocs/mts/framework/web/actions/CInlineAction.php(49): MaterialController->actionIndex()
#17 /opt/lampp/htdocs/mts/framework/web/CController.php(308): CInlineAction->runWithParams()
#18 /opt/lampp/htdocs/mts/framework/web/filters/CFilterChain.php(133): MaterialController->runAction()
#19 /opt/lampp/htdocs/mts/framework/web/filters/CFilter.php(40): CFilterChain->run()
#20 /opt/lampp/htdocs/mts/framework/web/CController.php(1145): CAccessControlFilter->filter()
#21 /opt/lampp/htdocs/mts/framework/web/filters/CInlineFilter.php(58): MaterialController->filterAccessControl()
#22 /opt/lampp/htdocs/mts/framework/web/filters/CFilterChain.php(130): CInlineFilter->filter()
#23 /opt/lampp/htdocs/mts/framework/web/CController.php(291): CFilterChain->run()
#24 /opt/lampp/htdocs/mts/framework/web/CController.php(265): MaterialController->runActionWithFilters()
#25 /opt/lampp/htdocs/mts/framework/web/CWebApplication.php(282): MaterialController->run()
#26 /opt/lampp/htdocs/mts/framework/web/CWebApplication.php(141): CWebApplication->runController()
#27 /opt/lampp/htdocs/mts/framework/base/CApplication.php(180): CWebApplication->processRequest()
#28 /opt/lampp/htdocs/mts/index.php(13): CWebApplication->run()
REQUEST_URI=/mts/index.php/material/index
in /opt/lampp/htdocs/mts/protected/views/material/index.php (66)
in /opt/lampp/htdocs/mts/protected/views/material/index.php (166)
in /opt/lampp/htdocs/mts/protected/controllers/MaterialController.php (378)
2018/12/18 16:59:28 [error] [php] Missing argument 2 for selisih(), called in /opt/lampp/htdocs/mts/framework/base/CComponent.php(612) : eval()'d code on line 1 and defined (/opt/lampp/htdocs/mts/protected/views/material/index.php:62)
Stack trace:
#0 /opt/lampp/htdocs/mts/framework/zii/widgets/grid/CDataColumn.php(137): CDataColumn->evaluateExpression()
#1 /opt/lampp/htdocs/mts/framework/zii/widgets/grid/CGridColumn.php(151): CDataColumn->renderDataCellContent()
#2 /opt/lampp/htdocs/mts/framework/zii/widgets/grid/CGridView.php(616): CDataColumn->renderDataCell()
#3 /opt/lampp/htdocs/mts/framework/zii/widgets/grid/CGridView.php(572): CGridView->renderTableRow()
#4 /opt/lampp/htdocs/mts/framework/zii/widgets/grid/CGridView.php(482): CGridView->renderTableBody()
#5 /opt/lampp/htdocs/mts/framework/zii/widgets/CBaseListView.php(167): CGridView->renderItems()
#6 unknown(0): CGridView->renderSection()
#7 /opt/lampp/htdocs/mts/framework/zii/widgets/CBaseListView.php(150): preg_replace_callback()
#8 /opt/lampp/htdocs/mts/framework/zii/widgets/CBaseListView.php(135): CGridView->renderContent()
#9 /opt/lampp/htdocs/mts/framework/web/CBaseController.php(173): CGridView->run()
#10 /opt/lampp/htdocs/mts/protected/views/material/index.php(310): MaterialController->widget()
#11 /opt/lampp/htdocs/mts/framework/web/CBaseController.php(126): require()
#12 /opt/lampp/htdocs/mts/framework/web/CBaseController.php(95): MaterialController->renderInternal()
#13 /opt/lampp/htdocs/mts/framework/web/CController.php(869): MaterialController->renderFile()
#14 /opt/lampp/htdocs/mts/framework/web/CController.php(782): MaterialController->renderPartial()
#15 /opt/lampp/htdocs/mts/protected/controllers/MaterialController.php(378): MaterialController->render()
#16 /opt/lampp/htdocs/mts/framework/web/actions/CInlineAction.php(49): MaterialController->actionIndex()
#17 /opt/lampp/htdocs/mts/framework/web/CController.php(308): CInlineAction->runWithParams()
#18 /opt/lampp/htdocs/mts/framework/web/filters/CFilterChain.php(133): MaterialController->runAction()
#19 /opt/lampp/htdocs/mts/framework/web/filters/CFilter.php(40): CFilterChain->run()
#20 /opt/lampp/htdocs/mts/framework/web/CController.php(1145): CAccessControlFilter->filter()
#21 /opt/lampp/htdocs/mts/framework/web/filters/CInlineFilter.php(58): MaterialController->filterAccessControl()
#22 /opt/lampp/htdocs/mts/framework/web/filters/CFilterChain.php(130): CInlineFilter->filter()
#23 /opt/lampp/htdocs/mts/framework/web/CController.php(291): CFilterChain->run()
#24 /opt/lampp/htdocs/mts/framework/web/CController.php(265): MaterialController->runActionWithFilters()
#25 /opt/lampp/htdocs/mts/framework/web/CWebApplication.php(282): MaterialController->run()
#26 /opt/lampp/htdocs/mts/framework/web/CWebApplication.php(141): CWebApplication->runController()
#27 /opt/lampp/htdocs/mts/framework/base/CApplication.php(180): CWebApplication->processRequest()
#28 /opt/lampp/htdocs/mts/index.php(13): CWebApplication->run()
REQUEST_URI=/mts/index.php/material/index
in /opt/lampp/htdocs/mts/protected/views/material/index.php (62)
in /opt/lampp/htdocs/mts/protected/views/material/index.php (310)
in /opt/lampp/htdocs/mts/protected/controllers/MaterialController.php (378)
2018/12/18 17:24:37 [warning] [application] Failed to set unsafe attribute "file_mto" of "DokEng".
in /opt/lampp/htdocs/mts/protected/controllers/MaterialController.php (171)
in /opt/lampp/htdocs/mts/index.php (13)
2018/12/18 17:24:37 [warning] [application] Failed to set unsafe attribute "file_dwg" of "DokEng".
in /opt/lampp/htdocs/mts/protected/controllers/MaterialController.php (171)
in /opt/lampp/htdocs/mts/index.php (13)
2018/12/18 17:24:37 [warning] [application] Failed to set unsafe attribute "file_spec" of "DokEng".
in /opt/lampp/htdocs/mts/protected/controllers/MaterialController.php (171)
in /opt/lampp/htdocs/mts/index.php (13)
2018/12/18 17:24:37 [warning] [application] Failed to set unsafe attribute "file_datasheet" of "DokEng".
in /opt/lampp/htdocs/mts/protected/controllers/MaterialController.php (171)
in /opt/lampp/htdocs/mts/index.php (13)
2018/12/18 17:46:48 [error] [php] Trying to get property of non-object (/opt/lampp/htdocs/mts/framework/base/CComponent.php(612) : eval()'d code:1)
Stack trace:
#0 /opt/lampp/htdocs/mts/framework/zii/widgets/grid/CGridColumn.php(151): CDataColumn->renderDataCellContent()
#1 /opt/lampp/htdocs/mts/framework/zii/widgets/grid/CGridView.php(616): CDataColumn->renderDataCell()
#2 /opt/lampp/htdocs/mts/framework/zii/widgets/grid/CGridView.php(572): CGridView->renderTableRow()
#3 /opt/lampp/htdocs/mts/framework/zii/widgets/grid/CGridView.php(482): CGridView->renderTableBody()
#4 /opt/lampp/htdocs/mts/framework/zii/widgets/CBaseListView.php(167): CGridView->renderItems()
#5 unknown(0): CGridView->renderSection()
#6 /opt/lampp/htdocs/mts/framework/zii/widgets/CBaseListView.php(150): preg_replace_callback()
#7 /opt/lampp/htdocs/mts/framework/zii/widgets/CBaseListView.php(135): CGridView->renderContent()
#8 /opt/lampp/htdocs/mts/framework/web/CBaseController.php(173): CGridView->run()
#9 /opt/lampp/htdocs/mts/protected/views/material/admin.php(56): MaterialController->widget()
#10 /opt/lampp/htdocs/mts/framework/web/CBaseController.php(126): require()
#11 /opt/lampp/htdocs/mts/framework/web/CBaseController.php(95): MaterialController->renderInternal()
#12 /opt/lampp/htdocs/mts/framework/web/CController.php(869): MaterialController->renderFile()
#13 /opt/lampp/htdocs/mts/framework/web/CController.php(782): MaterialController->renderPartial()
#14 /opt/lampp/htdocs/mts/protected/controllers/MaterialController.php(414): MaterialController->render()
#15 /opt/lampp/htdocs/mts/framework/web/actions/CInlineAction.php(49): MaterialController->actionAdmin()
#16 /opt/lampp/htdocs/mts/framework/web/CController.php(308): CInlineAction->runWithParams()
#17 /opt/lampp/htdocs/mts/framework/web/filters/CFilterChain.php(133): MaterialController->runAction()
#18 /opt/lampp/htdocs/mts/framework/web/filters/CFilter.php(40): CFilterChain->run()
#19 /opt/lampp/htdocs/mts/framework/web/CController.php(1145): CAccessControlFilter->filter()
#20 /opt/lampp/htdocs/mts/framework/web/filters/CInlineFilter.php(58): MaterialController->filterAccessControl()
#21 /opt/lampp/htdocs/mts/framework/web/filters/CFilterChain.php(130): CInlineFilter->filter()
#22 /opt/lampp/htdocs/mts/framework/web/CController.php(291): CFilterChain->run()
#23 /opt/lampp/htdocs/mts/framework/web/CController.php(265): MaterialController->runActionWithFilters()
#24 /opt/lampp/htdocs/mts/framework/web/CWebApplication.php(282): MaterialController->run()
#25 /opt/lampp/htdocs/mts/framework/web/CWebApplication.php(141): CWebApplication->runController()
#26 /opt/lampp/htdocs/mts/framework/base/CApplication.php(180): CWebApplication->processRequest()
#27 /opt/lampp/htdocs/mts/index.php(13): CWebApplication->run()
REQUEST_URI=/mts/index.php/material/admin
in /opt/lampp/htdocs/mts/protected/views/material/admin.php (56)
in /opt/lampp/htdocs/mts/protected/controllers/MaterialController.php (414)
in /opt/lampp/htdocs/mts/index.php (13)
2018/12/18 17:48:49 [warning] [application] Failed to set unsafe attribute "file_mto" of "DokEng".
in /opt/lampp/htdocs/mts/protected/controllers/MaterialController.php (237)
in /opt/lampp/htdocs/mts/index.php (13)
2018/12/18 17:48:49 [warning] [application] Failed to set unsafe attribute "file_dwg" of "DokEng".
in /opt/lampp/htdocs/mts/protected/controllers/MaterialController.php (237)
in /opt/lampp/htdocs/mts/index.php (13)
2018/12/18 17:48:49 [warning] [application] Failed to set unsafe attribute "file_spec" of "DokEng".
in /opt/lampp/htdocs/mts/protected/controllers/MaterialController.php (237)
in /opt/lampp/htdocs/mts/index.php (13)
2018/12/18 17:48:49 [warning] [application] Failed to set unsafe attribute "file_datasheet" of "DokEng".
in /opt/lampp/htdocs/mts/protected/controllers/MaterialController.php (237)
in /opt/lampp/htdocs/mts/index.php (13)
2018/12/18 17:50:49 [warning] [application] Failed to set unsafe attribute "file_mto" of "DokEng".
in /opt/lampp/htdocs/mts/protected/controllers/MaterialController.php (171)
in /opt/lampp/htdocs/mts/index.php (13)
2018/12/18 17:50:49 [warning] [application] Failed to set unsafe attribute "file_dwg" of "DokEng".
in /opt/lampp/htdocs/mts/protected/controllers/MaterialController.php (171)
in /opt/lampp/htdocs/mts/index.php (13)
2018/12/18 17:50:49 [warning] [application] Failed to set unsafe attribute "file_spec" of "DokEng".
in /opt/lampp/htdocs/mts/protected/controllers/MaterialController.php (171)
in /opt/lampp/htdocs/mts/index.php (13)
2018/12/18 17:50:49 [warning] [application] Failed to set unsafe attribute "file_datasheet" of "DokEng".
in /opt/lampp/htdocs/mts/protected/controllers/MaterialController.php (171)
in /opt/lampp/htdocs/mts/index.php (13)
2018/12/18 17:55:47 [error] [php] Trying to get property of non-object (/opt/lampp/htdocs/mts/protected/views/kontrak/_form.php:38)
Stack trace:
#0 /opt/lampp/htdocs/mts/framework/web/CController.php(869): KontrakController->renderFile()
#1 /opt/lampp/htdocs/mts/protected/views/kontrak/create.php(28): KontrakController->renderPartial()
#2 /opt/lampp/htdocs/mts/framework/web/CBaseController.php(126): require()
#3 /opt/lampp/htdocs/mts/framework/web/CBaseController.php(95): KontrakController->renderInternal()
#4 /opt/lampp/htdocs/mts/framework/web/CController.php(869): KontrakController->renderFile()
#5 /opt/lampp/htdocs/mts/framework/web/CController.php(782): KontrakController->renderPartial()
#6 /opt/lampp/htdocs/mts/protected/controllers/KontrakController.php(99): KontrakController->render()
#7 unknown(0): KontrakController->actionCreate()
#8 /opt/lampp/htdocs/mts/framework/web/actions/CAction.php(108): ReflectionMethod->invokeArgs()
#9 /opt/lampp/htdocs/mts/framework/web/actions/CInlineAction.php(47): CInlineAction->runWithParamsInternal()
#10 /opt/lampp/htdocs/mts/framework/web/CController.php(308): CInlineAction->runWithParams()
#11 /opt/lampp/htdocs/mts/framework/web/filters/CFilterChain.php(133): KontrakController->runAction()
#12 /opt/lampp/htdocs/mts/framework/web/filters/CFilter.php(40): CFilterChain->run()
#13 /opt/lampp/htdocs/mts/framework/web/CController.php(1145): CAccessControlFilter->filter()
#14 /opt/lampp/htdocs/mts/framework/web/filters/CInlineFilter.php(58): KontrakController->filterAccessControl()
#15 /opt/lampp/htdocs/mts/framework/web/filters/CFilterChain.php(130): CInlineFilter->filter()
#16 /opt/lampp/htdocs/mts/framework/web/CController.php(291): CFilterChain->run()
#17 /opt/lampp/htdocs/mts/framework/web/CController.php(265): KontrakController->runActionWithFilters()
#18 /opt/lampp/htdocs/mts/framework/web/CWebApplication.php(282): KontrakController->run()
#19 /opt/lampp/htdocs/mts/framework/web/CWebApplication.php(141): CWebApplication->runController()
#20 /opt/lampp/htdocs/mts/framework/base/CApplication.php(180): CWebApplication->processRequest()
#21 /opt/lampp/htdocs/mts/index.php(13): CWebApplication->run()
REQUEST_URI=/mts/index.php/kontrak/create?idm=48
in /opt/lampp/htdocs/mts/protected/views/kontrak/_form.php (38)
in /opt/lampp/htdocs/mts/protected/views/kontrak/create.php (28)
in /opt/lampp/htdocs/mts/protected/controllers/KontrakController.php (99)
2018/12/18 17:56:50 [warning] [application] Failed to set unsafe attribute "deskripsi" of "Kontrak".
in /opt/lampp/htdocs/mts/protected/controllers/KontrakController.php (74)
in /opt/lampp/htdocs/mts/index.php (13)
2018/12/18 17:56:59 [error] [php] Trying to get property of non-object (/opt/lampp/htdocs/mts/protected/views/kom/_form.php:31)
Stack trace:
#0 /opt/lampp/htdocs/mts/framework/web/CController.php(869): KomController->renderFile()
#1 /opt/lampp/htdocs/mts/protected/views/kom/create.php(28): KomController->renderPartial()
#2 /opt/lampp/htdocs/mts/framework/web/CBaseController.php(126): require()
#3 /opt/lampp/htdocs/mts/framework/web/CBaseController.php(95): KomController->renderInternal()
#4 /opt/lampp/htdocs/mts/framework/web/CController.php(869): KomController->renderFile()
#5 /opt/lampp/htdocs/mts/framework/web/CController.php(782): KomController->renderPartial()
#6 /opt/lampp/htdocs/mts/protected/controllers/KomController.php(92): KomController->render()
#7 unknown(0): KomController->actionCreate()
#8 /opt/lampp/htdocs/mts/framework/web/actions/CAction.php(108): ReflectionMethod->invokeArgs()
#9 /opt/lampp/htdocs/mts/framework/web/actions/CInlineAction.php(47): CInlineAction->runWithParamsInternal()
#10 /opt/lampp/htdocs/mts/framework/web/CController.php(308): CInlineAction->runWithParams()
#11 /opt/lampp/htdocs/mts/framework/web/filters/CFilterChain.php(133): KomController->runAction()
#12 /opt/lampp/htdocs/mts/framework/web/filters/CFilter.php(40): CFilterChain->run()
#13 /opt/lampp/htdocs/mts/framework/web/CController.php(1145): CAccessControlFilter->filter()
#14 /opt/lampp/htdocs/mts/framework/web/filters/CInlineFilter.php(58): KomController->filterAccessControl()
#15 /opt/lampp/htdocs/mts/framework/web/filters/CFilterChain.php(130): CInlineFilter->filter()
#16 /opt/lampp/htdocs/mts/framework/web/CController.php(291): CFilterChain->run()
#17 /opt/lampp/htdocs/mts/framework/web/CController.php(265): KomController->runActionWithFilters()
#18 /opt/lampp/htdocs/mts/framework/web/CWebApplication.php(282): KomController->run()
#19 /opt/lampp/htdocs/mts/framework/web/CWebApplication.php(141): CWebApplication->runController()
#20 /opt/lampp/htdocs/mts/framework/base/CApplication.php(180): CWebApplication->processRequest()
#21 /opt/lampp/htdocs/mts/index.php(13): CWebApplication->run()
REQUEST_URI=/mts/index.php/kom/create?idm=48
in /opt/lampp/htdocs/mts/protected/views/kom/_form.php (31)
in /opt/lampp/htdocs/mts/protected/views/kom/create.php (28)
in /opt/lampp/htdocs/mts/protected/controllers/KomController.php (92)
2018/12/18 17:58:06 [warning] [application] Failed to set unsafe attribute "status" of "Material".
in /opt/lampp/htdocs/mts/protected/controllers/KomController.php (106)
in /opt/lampp/htdocs/mts/index.php (13)
2018/12/18 17:59:02 [error] [php] Trying to get property of non-object (/opt/lampp/htdocs/mts/protected/views/pengiriman/_form.php:35)
Stack trace:
#0 /opt/lampp/htdocs/mts/framework/web/CController.php(869): PengirimanController->renderFile()
#1 /opt/lampp/htdocs/mts/protected/views/pengiriman/create.php(28): PengirimanController->renderPartial()
#2 /opt/lampp/htdocs/mts/framework/web/CBaseController.php(126): require()
#3 /opt/lampp/htdocs/mts/framework/web/CBaseController.php(95): PengirimanController->renderInternal()
#4 /opt/lampp/htdocs/mts/framework/web/CController.php(869): PengirimanController->renderFile()
#5 /opt/lampp/htdocs/mts/framework/web/CController.php(782): PengirimanController->renderPartial()
#6 /opt/lampp/htdocs/mts/protected/controllers/PengirimanController.php(113): PengirimanController->render()
#7 unknown(0): PengirimanController->actionCreate()
#8 /opt/lampp/htdocs/mts/framework/web/actions/CAction.php(108): ReflectionMethod->invokeArgs()
#9 /opt/lampp/htdocs/mts/framework/web/actions/CInlineAction.php(47): CInlineAction->runWithParamsInternal()
#10 /opt/lampp/htdocs/mts/framework/web/CController.php(308): CInlineAction->runWithParams()
#11 /opt/lampp/htdocs/mts/framework/web/filters/CFilterChain.php(133): PengirimanController->runAction()
#12 /opt/lampp/htdocs/mts/framework/web/filters/CFilter.php(40): CFilterChain->run()
#13 /opt/lampp/htdocs/mts/framework/web/CController.php(1145): CAccessControlFilter->filter()
#14 /opt/lampp/htdocs/mts/framework/web/filters/CInlineFilter.php(58): PengirimanController->filterAccessControl()
#15 /opt/lampp/htdocs/mts/framework/web/filters/CFilterChain.php(130): CInlineFilter->filter()
#16 /opt/lampp/htdocs/mts/framework/web/CController.php(291): CFilterChain->run()
#17 /opt/lampp/htdocs/mts/framework/web/CController.php(265): PengirimanController->runActionWithFilters()
#18 /opt/lampp/htdocs/mts/framework/web/CWebApplication.php(282): PengirimanController->run()
#19 /opt/lampp/htdocs/mts/framework/web/CWebApplication.php(141): CWebApplication->runController()
#20 /opt/lampp/htdocs/mts/framework/base/CApplication.php(180): CWebApplication->processRequest()
#21 /opt/lampp/htdocs/mts/index.php(13): CWebApplication->run()
REQUEST_URI=/mts/index.php/pengiriman/create?idm=48
in /opt/lampp/htdocs/mts/protected/views/pengiriman/_form.php (35)
in /opt/lampp/htdocs/mts/protected/views/pengiriman/create.php (28)
in /opt/lampp/htdocs/mts/protected/controllers/PengirimanController.php (113)
2018/12/18 17:59:56 [error] [php] Trying to get property of non-object (/opt/lampp/htdocs/mts/protected/views/pengiriman/_formu.php:35)
Stack trace:
#0 /opt/lampp/htdocs/mts/framework/web/CController.php(869): PengirimanController->renderFile()
#1 /opt/lampp/htdocs/mts/protected/views/pengiriman/update.php(28): PengirimanController->renderPartial()
#2 /opt/lampp/htdocs/mts/framework/web/CBaseController.php(126): require()
#3 /opt/lampp/htdocs/mts/framework/web/CBaseController.php(95): PengirimanController->renderInternal()
#4 /opt/lampp/htdocs/mts/framework/web/CController.php(869): PengirimanController->renderFile()
#5 /opt/lampp/htdocs/mts/framework/web/CController.php(782): PengirimanController->renderPartial()
#6 /opt/lampp/htdocs/mts/protected/controllers/PengirimanController.php(77): PengirimanController->render()
#7 unknown(0): PengirimanController->actionView()
#8 /opt/lampp/htdocs/mts/framework/web/actions/CAction.php(108): ReflectionMethod->invokeArgs()
#9 /opt/lampp/htdocs/mts/framework/web/actions/CInlineAction.php(47): CInlineAction->runWithParamsInternal()
#10 /opt/lampp/htdocs/mts/framework/web/CController.php(308): CInlineAction->runWithParams()
#11 /opt/lampp/htdocs/mts/framework/web/filters/CFilterChain.php(133): PengirimanController->runAction()
#12 /opt/lampp/htdocs/mts/framework/web/filters/CFilter.php(40): CFilterChain->run()
#13 /opt/lampp/htdocs/mts/framework/web/CController.php(1145): CAccessControlFilter->filter()
#14 /opt/lampp/htdocs/mts/framework/web/filters/CInlineFilter.php(58): PengirimanController->filterAccessControl()
#15 /opt/lampp/htdocs/mts/framework/web/filters/CFilterChain.php(130): CInlineFilter->filter()
#16 /opt/lampp/htdocs/mts/framework/web/CController.php(291): CFilterChain->run()
#17 /opt/lampp/htdocs/mts/framework/web/CController.php(265): PengirimanController->runActionWithFilters()
#18 /opt/lampp/htdocs/mts/framework/web/CWebApplication.php(282): PengirimanController->run()
#19 /opt/lampp/htdocs/mts/framework/web/CWebApplication.php(141): CWebApplication->runController()
#20 /opt/lampp/htdocs/mts/framework/base/CApplication.php(180): CWebApplication->processRequest()
#21 /opt/lampp/htdocs/mts/index.php(13): CWebApplication->run()
REQUEST_URI=/mts/index.php/pengiriman/view?idm=48
in /opt/lampp/htdocs/mts/protected/views/pengiriman/_formu.php (35)
in /opt/lampp/htdocs/mts/protected/views/pengiriman/update.php (28)
in /opt/lampp/htdocs/mts/protected/controllers/PengirimanController.php (77)
2018/12/18 18:00:17 [warning] [application] Failed to set unsafe attribute "status" of "Material".
in /opt/lampp/htdocs/mts/protected/controllers/PengirimanController.php (58)
in /opt/lampp/htdocs/mts/index.php (13)
2018/12/18 18:00:24 [error] [php] Trying to get property of non-object (/opt/lampp/htdocs/mts/protected/views/hasilinspeksiWH/_form.php:38)
Stack trace:
#0 /opt/lampp/htdocs/mts/framework/web/CController.php(869): HasilinspeksiWHController->renderFile()
#1 /opt/lampp/htdocs/mts/protected/views/hasilinspeksiWH/create.php(29): HasilinspeksiWHController->renderPartial()
#2 /opt/lampp/htdocs/mts/framework/web/CBaseController.php(126): require()
#3 /opt/lampp/htdocs/mts/framework/web/CBaseController.php(95): HasilinspeksiWHController->renderInternal()
#4 /opt/lampp/htdocs/mts/framework/web/CController.php(869): HasilinspeksiWHController->renderFile()
#5 /opt/lampp/htdocs/mts/framework/web/CController.php(782): HasilinspeksiWHController->renderPartial()
#6 /opt/lampp/htdocs/mts/protected/controllers/HasilinspeksiWHController.php(96): HasilinspeksiWHController->render()
#7 unknown(0): HasilinspeksiWHController->actionCreate()
#8 /opt/lampp/htdocs/mts/framework/web/actions/CAction.php(108): ReflectionMethod->invokeArgs()
#9 /opt/lampp/htdocs/mts/framework/web/actions/CInlineAction.php(47): CInlineAction->runWithParamsInternal()
#10 /opt/lampp/htdocs/mts/framework/web/CController.php(308): CInlineAction->runWithParams()
#11 /opt/lampp/htdocs/mts/framework/web/filters/CFilterChain.php(133): HasilinspeksiWHController->runAction()
#12 /opt/lampp/htdocs/mts/framework/web/filters/CFilter.php(40): CFilterChain->run()
#13 /opt/lampp/htdocs/mts/framework/web/CController.php(1145): CAccessControlFilter->filter()
#14 /opt/lampp/htdocs/mts/framework/web/filters/CInlineFilter.php(58): HasilinspeksiWHController->filterAccessControl()
#15 /opt/lampp/htdocs/mts/framework/web/filters/CFilterChain.php(130): CInlineFilter->filter()
#16 /opt/lampp/htdocs/mts/framework/web/CController.php(291): CFilterChain->run()
#17 /opt/lampp/htdocs/mts/framework/web/CController.php(265): HasilinspeksiWHController->runActionWithFilters()
#18 /opt/lampp/htdocs/mts/framework/web/CWebApplication.php(282): HasilinspeksiWHController->run()
#19 /opt/lampp/htdocs/mts/framework/web/CWebApplication.php(141): CWebApplication->runController()
#20 /opt/lampp/htdocs/mts/framework/base/CApplication.php(180): CWebApplication->processRequest()
#21 /opt/lampp/htdocs/mts/index.php(13): CWebApplication->run()
REQUEST_URI=/mts/index.php/hasilinspeksiWH/create?idm=48
in /opt/lampp/htdocs/mts/protected/views/hasilinspeksiWH/_form.php (38)
in /opt/lampp/htdocs/mts/protected/views/hasilinspeksiWH/create.php (29)
in /opt/lampp/htdocs/mts/protected/controllers/HasilinspeksiWHController.php (96)
2018/12/18 18:17:39 [error] [php] Object of class DateTime could not be converted to string (/opt/lampp/htdocs/mts/protected/views/material/index.php:105)
Stack trace:
#0 /opt/lampp/htdocs/mts/framework/zii/widgets/grid/CDataColumn.php(137): CDataColumn->evaluateExpression()
#1 /opt/lampp/htdocs/mts/framework/zii/widgets/grid/CGridColumn.php(151): CDataColumn->renderDataCellContent()
#2 /opt/lampp/htdocs/mts/framework/zii/widgets/grid/CGridView.php(616): CDataColumn->renderDataCell()
#3 /opt/lampp/htdocs/mts/framework/zii/widgets/grid/CGridView.php(572): CGridView->renderTableRow()
#4 /opt/lampp/htdocs/mts/framework/zii/widgets/grid/CGridView.php(482): CGridView->renderTableBody()
#5 /opt/lampp/htdocs/mts/framework/zii/widgets/CBaseListView.php(167): CGridView->renderItems()
#6 unknown(0): CGridView->renderSection()
#7 /opt/lampp/htdocs/mts/framework/zii/widgets/CBaseListView.php(150): preg_replace_callback()
#8 /opt/lampp/htdocs/mts/framework/zii/widgets/CBaseListView.php(135): CGridView->renderContent()
#9 /opt/lampp/htdocs/mts/framework/web/CBaseController.php(173): CGridView->run()
#10 /opt/lampp/htdocs/mts/protected/views/material/index.php(168): MaterialController->widget()
#11 /opt/lampp/htdocs/mts/framework/web/CBaseController.php(126): require()
#12 /opt/lampp/htdocs/mts/framework/web/CBaseController.php(95): MaterialController->renderInternal()
#13 /opt/lampp/htdocs/mts/framework/web/CController.php(869): MaterialController->renderFile()
#14 /opt/lampp/htdocs/mts/framework/web/CController.php(782): MaterialController->renderPartial()
#15 /opt/lampp/htdocs/mts/protected/controllers/MaterialController.php(378): MaterialController->render()
#16 /opt/lampp/htdocs/mts/framework/web/actions/CInlineAction.php(49): MaterialController->actionIndex()
#17 /opt/lampp/htdocs/mts/framework/web/CController.php(308): CInlineAction->runWithParams()
#18 /opt/lampp/htdocs/mts/framework/web/filters/CFilterChain.php(133): MaterialController->runAction()
#19 /opt/lampp/htdocs/mts/framework/web/filters/CFilter.php(40): CFilterChain->run()
#20 /opt/lampp/htdocs/mts/framework/web/CController.php(1145): CAccessControlFilter->filter()
#21 /opt/lampp/htdocs/mts/framework/web/filters/CInlineFilter.php(58): MaterialController->filterAccessControl()
#22 /opt/lampp/htdocs/mts/framework/web/filters/CFilterChain.php(130): CInlineFilter->filter()
#23 /opt/lampp/htdocs/mts/framework/web/CController.php(291): CFilterChain->run()
#24 /opt/lampp/htdocs/mts/framework/web/CController.php(265): MaterialController->runActionWithFilters()
#25 /opt/lampp/htdocs/mts/framework/web/CWebApplication.php(282): MaterialController->run()
#26 /opt/lampp/htdocs/mts/framework/web/CWebApplication.php(141): CWebApplication->runController()
#27 /opt/lampp/htdocs/mts/framework/base/CApplication.php(180): CWebApplication->processRequest()
#28 /opt/lampp/htdocs/mts/index.php(13): CWebApplication->run()
REQUEST_URI=/mts/index.php/material/index
in /opt/lampp/htdocs/mts/protected/views/material/index.php (105)
in /opt/lampp/htdocs/mts/protected/views/material/index.php (168)
in /opt/lampp/htdocs/mts/protected/controllers/MaterialController.php (378)
2018/12/18 18:19:50 [error] [php] Trying to get property of non-object (/opt/lampp/htdocs/mts/protected/views/material/index.php:74)
Stack trace:
#0 /opt/lampp/htdocs/mts/framework/zii/widgets/grid/CDataColumn.php(137): CDataColumn->evaluateExpression()
#1 /opt/lampp/htdocs/mts/framework/zii/widgets/grid/CGridColumn.php(151): CDataColumn->renderDataCellContent()
#2 /opt/lampp/htdocs/mts/framework/zii/widgets/grid/CGridView.php(616): CDataColumn->renderDataCell()
#3 /opt/lampp/htdocs/mts/framework/zii/widgets/grid/CGridView.php(572): CGridView->renderTableRow()
#4 /opt/lampp/htdocs/mts/framework/zii/widgets/grid/CGridView.php(482): CGridView->renderTableBody()
#5 /opt/lampp/htdocs/mts/framework/zii/widgets/CBaseListView.php(167): CGridView->renderItems()
#6 unknown(0): CGridView->renderSection()
#7 /opt/lampp/htdocs/mts/framework/zii/widgets/CBaseListView.php(150): preg_replace_callback()
#8 /opt/lampp/htdocs/mts/framework/zii/widgets/CBaseListView.php(135): CGridView->renderContent()
#9 /opt/lampp/htdocs/mts/framework/web/CBaseController.php(173): CGridView->run()
#10 /opt/lampp/htdocs/mts/protected/views/material/index.php(168): MaterialController->widget()
#11 /opt/lampp/htdocs/mts/framework/web/CBaseController.php(126): require()
#12 /opt/lampp/htdocs/mts/framework/web/CBaseController.php(95): MaterialController->renderInternal()
#13 /opt/lampp/htdocs/mts/framework/web/CController.php(869): MaterialController->renderFile()
#14 /opt/lampp/htdocs/mts/framework/web/CController.php(782): MaterialController->renderPartial()
#15 /opt/lampp/htdocs/mts/protected/controllers/MaterialController.php(378): MaterialController->render()
#16 /opt/lampp/htdocs/mts/framework/web/actions/CInlineAction.php(49): MaterialController->actionIndex()
#17 /opt/lampp/htdocs/mts/framework/web/CController.php(308): CInlineAction->runWithParams()
#18 /opt/lampp/htdocs/mts/framework/web/filters/CFilterChain.php(133): MaterialController->runAction()
#19 /opt/lampp/htdocs/mts/framework/web/filters/CFilter.php(40): CFilterChain->run()
#20 /opt/lampp/htdocs/mts/framework/web/CController.php(1145): CAccessControlFilter->filter()
#21 /opt/lampp/htdocs/mts/framework/web/filters/CInlineFilter.php(58): MaterialController->filterAccessControl()
#22 /opt/lampp/htdocs/mts/framework/web/filters/CFilterChain.php(130): CInlineFilter->filter()
#23 /opt/lampp/htdocs/mts/framework/web/CController.php(291): CFilterChain->run()
#24 /opt/lampp/htdocs/mts/framework/web/CController.php(265): MaterialController->runActionWithFilters()
#25 /opt/lampp/htdocs/mts/framework/web/CWebApplication.php(282): MaterialController->run()
#26 /opt/lampp/htdocs/mts/framework/web/CWebApplication.php(141): CWebApplication->runController()
#27 /opt/lampp/htdocs/mts/framework/base/CApplication.php(180): CWebApplication->processRequest()
#28 /opt/lampp/htdocs/mts/index.php(13): CWebApplication->run()
REQUEST_URI=/mts/index.php/material/index
in /opt/lampp/htdocs/mts/protected/views/material/index.php (74)
in /opt/lampp/htdocs/mts/protected/views/material/index.php (168)
in /opt/lampp/htdocs/mts/protected/controllers/MaterialController.php (378)
2018/12/18 18:22:55 [error] [php] Undefined variable: a (/opt/lampp/htdocs/mts/protected/views/material/index.php:114)
Stack trace:
#0 /opt/lampp/htdocs/mts/framework/zii/widgets/grid/CDataColumn.php(137): CDataColumn->evaluateExpression()
#1 /opt/lampp/htdocs/mts/framework/zii/widgets/grid/CGridColumn.php(151): CDataColumn->renderDataCellContent()
#2 /opt/lampp/htdocs/mts/framework/zii/widgets/grid/CGridView.php(616): CDataColumn->renderDataCell()
#3 /opt/lampp/htdocs/mts/framework/zii/widgets/grid/CGridView.php(572): CGridView->renderTableRow()
#4 /opt/lampp/htdocs/mts/framework/zii/widgets/grid/CGridView.php(482): CGridView->renderTableBody()
#5 /opt/lampp/htdocs/mts/framework/zii/widgets/CBaseListView.php(167): CGridView->renderItems()
#6 unknown(0): CGridView->renderSection()
#7 /opt/lampp/htdocs/mts/framework/zii/widgets/CBaseListView.php(150): preg_replace_callback()
#8 /opt/lampp/htdocs/mts/framework/zii/widgets/CBaseListView.php(135): CGridView->renderContent()
#9 /opt/lampp/htdocs/mts/framework/web/CBaseController.php(173): CGridView->run()
#10 /opt/lampp/htdocs/mts/protected/views/material/index.php(719): MaterialController->widget()
#11 /opt/lampp/htdocs/mts/framework/web/CBaseController.php(126): require()
#12 /opt/lampp/htdocs/mts/framework/web/CBaseController.php(95): MaterialController->renderInternal()
#13 /opt/lampp/htdocs/mts/framework/web/CController.php(869): MaterialController->renderFile()
#14 /opt/lampp/htdocs/mts/framework/web/CController.php(782): MaterialController->renderPartial()
#15 /opt/lampp/htdocs/mts/protected/controllers/MaterialController.php(378): MaterialController->render()
#16 /opt/lampp/htdocs/mts/framework/web/actions/CInlineAction.php(49): MaterialController->actionIndex()
#17 /opt/lampp/htdocs/mts/framework/web/CController.php(308): CInlineAction->runWithParams()
#18 /opt/lampp/htdocs/mts/framework/web/filters/CFilterChain.php(133): MaterialController->runAction()
#19 /opt/lampp/htdocs/mts/framework/web/filters/CFilter.php(40): CFilterChain->run()
#20 /opt/lampp/htdocs/mts/framework/web/CController.php(1145): CAccessControlFilter->filter()
#21 /opt/lampp/htdocs/mts/framework/web/filters/CInlineFilter.php(58): MaterialController->filterAccessControl()
#22 /opt/lampp/htdocs/mts/framework/web/filters/CFilterChain.php(130): CInlineFilter->filter()
#23 /opt/lampp/htdocs/mts/framework/web/CController.php(291): CFilterChain->run()
#24 /opt/lampp/htdocs/mts/framework/web/CController.php(265): MaterialController->runActionWithFilters()
#25 /opt/lampp/htdocs/mts/framework/web/CWebApplication.php(282): MaterialController->run()
#26 /opt/lampp/htdocs/mts/framework/web/CWebApplication.php(141): CWebApplication->runController()
#27 /opt/lampp/htdocs/mts/framework/base/CApplication.php(180): CWebApplication->processRequest()
#28 /opt/lampp/htdocs/mts/index.php(13): CWebApplication->run()
REQUEST_URI=/mts/index.php/material/index
in /opt/lampp/htdocs/mts/protected/views/material/index.php (114)
in /opt/lampp/htdocs/mts/protected/views/material/index.php (719)
in /opt/lampp/htdocs/mts/protected/controllers/MaterialController.php (378)
2018/12/18 18:24:31 [error] [php] Undefined variable: a (/opt/lampp/htdocs/mts/protected/views/material/index.php:114)
Stack trace:
#0 /opt/lampp/htdocs/mts/framework/zii/widgets/grid/CDataColumn.php(137): CDataColumn->evaluateExpression()
#1 /opt/lampp/htdocs/mts/framework/zii/widgets/grid/CGridColumn.php(151): CDataColumn->renderDataCellContent()
#2 /opt/lampp/htdocs/mts/framework/zii/widgets/grid/CGridView.php(616): CDataColumn->renderDataCell()
#3 /opt/lampp/htdocs/mts/framework/zii/widgets/grid/CGridView.php(572): CGridView->renderTableRow()
#4 /opt/lampp/htdocs/mts/framework/zii/widgets/grid/CGridView.php(482): CGridView->renderTableBody()
#5 /opt/lampp/htdocs/mts/framework/zii/widgets/CBaseListView.php(167): CGridView->renderItems()
#6 unknown(0): CGridView->renderSection()
#7 /opt/lampp/htdocs/mts/framework/zii/widgets/CBaseListView.php(150): preg_replace_callback()
#8 /opt/lampp/htdocs/mts/framework/zii/widgets/CBaseListView.php(135): CGridView->renderContent()
#9 /opt/lampp/htdocs/mts/framework/web/CBaseController.php(173): CGridView->run()
#10 /opt/lampp/htdocs/mts/protected/views/material/index.php(719): MaterialController->widget()
#11 /opt/lampp/htdocs/mts/framework/web/CBaseController.php(126): require()
#12 /opt/lampp/htdocs/mts/framework/web/CBaseController.php(95): MaterialController->renderInternal()
#13 /opt/lampp/htdocs/mts/framework/web/CController.php(869): MaterialController->renderFile()
#14 /opt/lampp/htdocs/mts/framework/web/CController.php(782): MaterialController->renderPartial()
#15 /opt/lampp/htdocs/mts/protected/controllers/MaterialController.php(378): MaterialController->render()
#16 /opt/lampp/htdocs/mts/framework/web/actions/CInlineAction.php(49): MaterialController->actionIndex()
#17 /opt/lampp/htdocs/mts/framework/web/CController.php(308): CInlineAction->runWithParams()
#18 /opt/lampp/htdocs/mts/framework/web/filters/CFilterChain.php(133): MaterialController->runAction()
#19 /opt/lampp/htdocs/mts/framework/web/filters/CFilter.php(40): CFilterChain->run()
#20 /opt/lampp/htdocs/mts/framework/web/CController.php(1145): CAccessControlFilter->filter()
#21 /opt/lampp/htdocs/mts/framework/web/filters/CInlineFilter.php(58): MaterialController->filterAccessControl()
#22 /opt/lampp/htdocs/mts/framework/web/filters/CFilterChain.php(130): CInlineFilter->filter()
#23 /opt/lampp/htdocs/mts/framework/web/CController.php(291): CFilterChain->run()
#24 /opt/lampp/htdocs/mts/framework/web/CController.php(265): MaterialController->runActionWithFilters()
#25 /opt/lampp/htdocs/mts/framework/web/CWebApplication.php(282): MaterialController->run()
#26 /opt/lampp/htdocs/mts/framework/web/CWebApplication.php(141): CWebApplication->runController()
#27 /opt/lampp/htdocs/mts/framework/base/CApplication.php(180): CWebApplication->processRequest()
#28 /opt/lampp/htdocs/mts/index.php(13): CWebApplication->run()
REQUEST_URI=/mts/index.php/material/index
in /opt/lampp/htdocs/mts/protected/views/material/index.php (114)
in /opt/lampp/htdocs/mts/protected/views/material/index.php (719)
in /opt/lampp/htdocs/mts/protected/controllers/MaterialController.php (378)
2018/12/18 18:34:09 [warning] [application] Failed to set unsafe attribute "deskripsi" of "Kontrak".
in /opt/lampp/htdocs/mts/protected/controllers/KontrakController.php (74)
in /opt/lampp/htdocs/mts/index.php (13)
2018/12/18 18:34:10 [error] [php] Trying to get property of non-object (/opt/lampp/htdocs/mts/protected/views/material/index.php:86)
Stack trace:
#0 /opt/lampp/htdocs/mts/framework/zii/widgets/grid/CDataColumn.php(137): CDataColumn->evaluateExpression()
#1 /opt/lampp/htdocs/mts/framework/zii/widgets/grid/CGridColumn.php(151): CDataColumn->renderDataCellContent()
#2 /opt/lampp/htdocs/mts/framework/zii/widgets/grid/CGridView.php(616): CDataColumn->renderDataCell()
#3 /opt/lampp/htdocs/mts/framework/zii/widgets/grid/CGridView.php(572): CGridView->renderTableRow()
#4 /opt/lampp/htdocs/mts/framework/zii/widgets/grid/CGridView.php(482): CGridView->renderTableBody()
#5 /opt/lampp/htdocs/mts/framework/zii/widgets/CBaseListView.php(167): CGridView->renderItems()
#6 unknown(0): CGridView->renderSection()
#7 /opt/lampp/htdocs/mts/framework/zii/widgets/CBaseListView.php(150): preg_replace_callback()
#8 /opt/lampp/htdocs/mts/framework/zii/widgets/CBaseListView.php(135): CGridView->renderContent()
#9 /opt/lampp/htdocs/mts/framework/web/CBaseController.php(173): CGridView->run()
#10 /opt/lampp/htdocs/mts/protected/views/material/index.php(433): MaterialController->widget()
#11 /opt/lampp/htdocs/mts/framework/web/CBaseController.php(126): require()
#12 /opt/lampp/htdocs/mts/framework/web/CBaseController.php(95): MaterialController->renderInternal()
#13 /opt/lampp/htdocs/mts/framework/web/CController.php(869): MaterialController->renderFile()
#14 /opt/lampp/htdocs/mts/framework/web/CController.php(782): MaterialController->renderPartial()
#15 /opt/lampp/htdocs/mts/protected/controllers/MaterialController.php(378): MaterialController->render()
#16 /opt/lampp/htdocs/mts/framework/web/actions/CInlineAction.php(49): MaterialController->actionIndex()
#17 /opt/lampp/htdocs/mts/framework/web/CController.php(308): CInlineAction->runWithParams()
#18 /opt/lampp/htdocs/mts/framework/web/filters/CFilterChain.php(133): MaterialController->runAction()
#19 /opt/lampp/htdocs/mts/framework/web/filters/CFilter.php(40): CFilterChain->run()
#20 /opt/lampp/htdocs/mts/framework/web/CController.php(1145): CAccessControlFilter->filter()
#21 /opt/lampp/htdocs/mts/framework/web/filters/CInlineFilter.php(58): MaterialController->filterAccessControl()
#22 /opt/lampp/htdocs/mts/framework/web/filters/CFilterChain.php(130): CInlineFilter->filter()
#23 /opt/lampp/htdocs/mts/framework/web/CController.php(291): CFilterChain->run()
#24 /opt/lampp/htdocs/mts/framework/web/CController.php(265): MaterialController->runActionWithFilters()
#25 /opt/lampp/htdocs/mts/framework/web/CWebApplication.php(282): MaterialController->run()
#26 /opt/lampp/htdocs/mts/framework/web/CWebApplication.php(141): CWebApplication->runController()
#27 /opt/lampp/htdocs/mts/framework/base/CApplication.php(180): CWebApplication->processRequest()
#28 /opt/lampp/htdocs/mts/index.php(13): CWebApplication->run()
REQUEST_URI=/mts/index.php/material/index
in /opt/lampp/htdocs/mts/protected/views/material/index.php (86)
in /opt/lampp/htdocs/mts/protected/views/material/index.php (433)
in /opt/lampp/htdocs/mts/protected/controllers/MaterialController.php (378)
2018/12/18 18:40:42 [error] [php] Trying to get property of non-object (/opt/lampp/htdocs/mts/framework/base/CComponent.php(612) : eval()'d code:1)
Stack trace:
#0 /opt/lampp/htdocs/mts/framework/zii/widgets/grid/CGridColumn.php(151): CDataColumn->renderDataCellContent()
#1 /opt/lampp/htdocs/mts/framework/zii/widgets/grid/CGridView.php(616): CDataColumn->renderDataCell()
#2 /opt/lampp/htdocs/mts/framework/zii/widgets/grid/CGridView.php(572): CGridView->renderTableRow()
#3 /opt/lampp/htdocs/mts/framework/zii/widgets/grid/CGridView.php(482): CGridView->renderTableBody()
#4 /opt/lampp/htdocs/mts/framework/zii/widgets/CBaseListView.php(167): CGridView->renderItems()
#5 unknown(0): CGridView->renderSection()
#6 /opt/lampp/htdocs/mts/framework/zii/widgets/CBaseListView.php(150): preg_replace_callback()
#7 /opt/lampp/htdocs/mts/framework/zii/widgets/CBaseListView.php(135): CGridView->renderContent()
#8 /opt/lampp/htdocs/mts/framework/web/CBaseController.php(173): CGridView->run()
#9 /opt/lampp/htdocs/mts/protected/views/material/admin.php(56): MaterialController->widget()
#10 /opt/lampp/htdocs/mts/framework/web/CBaseController.php(126): require()
#11 /opt/lampp/htdocs/mts/framework/web/CBaseController.php(95): MaterialController->renderInternal()
#12 /opt/lampp/htdocs/mts/framework/web/CController.php(869): MaterialController->renderFile()
#13 /opt/lampp/htdocs/mts/framework/web/CController.php(782): MaterialController->renderPartial()
#14 /opt/lampp/htdocs/mts/protected/controllers/MaterialController.php(414): MaterialController->render()
#15 /opt/lampp/htdocs/mts/framework/web/actions/CInlineAction.php(49): MaterialController->actionAdmin()
#16 /opt/lampp/htdocs/mts/framework/web/CController.php(308): CInlineAction->runWithParams()
#17 /opt/lampp/htdocs/mts/framework/web/filters/CFilterChain.php(133): MaterialController->runAction()
#18 /opt/lampp/htdocs/mts/framework/web/filters/CFilter.php(40): CFilterChain->run()
#19 /opt/lampp/htdocs/mts/framework/web/CController.php(1145): CAccessControlFilter->filter()
#20 /opt/lampp/htdocs/mts/framework/web/filters/CInlineFilter.php(58): MaterialController->filterAccessControl()
#21 /opt/lampp/htdocs/mts/framework/web/filters/CFilterChain.php(130): CInlineFilter->filter()
#22 /opt/lampp/htdocs/mts/framework/web/CController.php(291): CFilterChain->run()
#23 /opt/lampp/htdocs/mts/framework/web/CController.php(265): MaterialController->runActionWithFilters()
#24 /opt/lampp/htdocs/mts/framework/web/CWebApplication.php(282): MaterialController->run()
#25 /opt/lampp/htdocs/mts/framework/web/CWebApplication.php(141): CWebApplication->runController()
#26 /opt/lampp/htdocs/mts/framework/base/CApplication.php(180): CWebApplication->processRequest()
#27 /opt/lampp/htdocs/mts/index.php(13): CWebApplication->run()
REQUEST_URI=/mts/index.php/material/admin
in /opt/lampp/htdocs/mts/protected/views/material/admin.php (56)
in /opt/lampp/htdocs/mts/protected/controllers/MaterialController.php (414)
in /opt/lampp/htdocs/mts/index.php (13)
2018/12/18 22:35:57 [error] [php] Trying to get property of non-object (/opt/lampp/htdocs/mts/protected/views/material/index.php:86)
Stack trace:
#0 /opt/lampp/htdocs/mts/framework/zii/widgets/grid/CDataColumn.php(137): CDataColumn->evaluateExpression()
#1 /opt/lampp/htdocs/mts/framework/zii/widgets/grid/CGridColumn.php(151): CDataColumn->renderDataCellContent()
#2 /opt/lampp/htdocs/mts/framework/zii/widgets/grid/CGridView.php(616): CDataColumn->renderDataCell()
#3 /opt/lampp/htdocs/mts/framework/zii/widgets/grid/CGridView.php(572): CGridView->renderTableRow()
#4 /opt/lampp/htdocs/mts/framework/zii/widgets/grid/CGridView.php(482): CGridView->renderTableBody()
#5 /opt/lampp/htdocs/mts/framework/zii/widgets/CBaseListView.php(167): CGridView->renderItems()
#6 unknown(0): CGridView->renderSection()
#7 /opt/lampp/htdocs/mts/framework/zii/widgets/CBaseListView.php(150): preg_replace_callback()
#8 /opt/lampp/htdocs/mts/framework/zii/widgets/CBaseListView.php(135): CGridView->renderContent()
#9 /opt/lampp/htdocs/mts/framework/web/CBaseController.php(173): CGridView->run()
#10 /opt/lampp/htdocs/mts/protected/views/material/index.php(433): MaterialController->widget()
#11 /opt/lampp/htdocs/mts/framework/web/CBaseController.php(126): require()
#12 /opt/lampp/htdocs/mts/framework/web/CBaseController.php(95): MaterialController->renderInternal()
#13 /opt/lampp/htdocs/mts/framework/web/CController.php(869): MaterialController->renderFile()
#14 /opt/lampp/htdocs/mts/framework/web/CController.php(782): MaterialController->renderPartial()
#15 /opt/lampp/htdocs/mts/protected/controllers/MaterialController.php(378): MaterialController->render()
#16 /opt/lampp/htdocs/mts/framework/web/actions/CInlineAction.php(49): MaterialController->actionIndex()
#17 /opt/lampp/htdocs/mts/framework/web/CController.php(308): CInlineAction->runWithParams()
#18 /opt/lampp/htdocs/mts/framework/web/filters/CFilterChain.php(133): MaterialController->runAction()
#19 /opt/lampp/htdocs/mts/framework/web/filters/CFilter.php(40): CFilterChain->run()
#20 /opt/lampp/htdocs/mts/framework/web/CController.php(1145): CAccessControlFilter->filter()
#21 /opt/lampp/htdocs/mts/framework/web/filters/CInlineFilter.php(58): MaterialController->filterAccessControl()
#22 /opt/lampp/htdocs/mts/framework/web/filters/CFilterChain.php(130): CInlineFilter->filter()
#23 /opt/lampp/htdocs/mts/framework/web/CController.php(291): CFilterChain->run()
#24 /opt/lampp/htdocs/mts/framework/web/CController.php(265): MaterialController->runActionWithFilters()
#25 /opt/lampp/htdocs/mts/framework/web/CWebApplication.php(282): MaterialController->run()
#26 /opt/lampp/htdocs/mts/framework/web/CWebApplication.php(141): CWebApplication->runController()
#27 /opt/lampp/htdocs/mts/framework/base/CApplication.php(180): CWebApplication->processRequest()
#28 /opt/lampp/htdocs/mts/index.php(13): CWebApplication->run()
REQUEST_URI=/mts/index.php/material/index
in /opt/lampp/htdocs/mts/protected/views/material/index.php (86)
in /opt/lampp/htdocs/mts/protected/views/material/index.php (433)
in /opt/lampp/htdocs/mts/protected/controllers/MaterialController.php (378)
2018/12/18 22:37:37 [error] [php] Trying to get property of non-object (/opt/lampp/htdocs/mts/protected/views/material/index.php:86)
Stack trace:
#0 /opt/lampp/htdocs/mts/framework/zii/widgets/grid/CDataColumn.php(137): CDataColumn->evaluateExpression()
#1 /opt/lampp/htdocs/mts/framework/zii/widgets/grid/CGridColumn.php(151): CDataColumn->renderDataCellContent()
#2 /opt/lampp/htdocs/mts/framework/zii/widgets/grid/CGridView.php(616): CDataColumn->renderDataCell()
#3 /opt/lampp/htdocs/mts/framework/zii/widgets/grid/CGridView.php(572): CGridView->renderTableRow()
#4 /opt/lampp/htdocs/mts/framework/zii/widgets/grid/CGridView.php(482): CGridView->renderTableBody()
#5 /opt/lampp/htdocs/mts/framework/zii/widgets/CBaseListView.php(167): CGridView->renderItems()
#6 unknown(0): CGridView->renderSection()
#7 /opt/lampp/htdocs/mts/framework/zii/widgets/CBaseListView.php(150): preg_replace_callback()
#8 /opt/lampp/htdocs/mts/framework/zii/widgets/CBaseListView.php(135): CGridView->renderContent()
#9 /opt/lampp/htdocs/mts/framework/web/CBaseController.php(173): CGridView->run()
#10 /opt/lampp/htdocs/mts/protected/views/material/index.php(433): MaterialController->widget()
#11 /opt/lampp/htdocs/mts/framework/web/CBaseController.php(126): require()
#12 /opt/lampp/htdocs/mts/framework/web/CBaseController.php(95): MaterialController->renderInternal()
#13 /opt/lampp/htdocs/mts/framework/web/CController.php(869): MaterialController->renderFile()
#14 /opt/lampp/htdocs/mts/framework/web/CController.php(782): MaterialController->renderPartial()
#15 /opt/lampp/htdocs/mts/protected/controllers/MaterialController.php(378): MaterialController->render()
#16 /opt/lampp/htdocs/mts/framework/web/actions/CInlineAction.php(49): MaterialController->actionIndex()
#17 /opt/lampp/htdocs/mts/framework/web/CController.php(308): CInlineAction->runWithParams()
#18 /opt/lampp/htdocs/mts/framework/web/filters/CFilterChain.php(133): MaterialController->runAction()
#19 /opt/lampp/htdocs/mts/framework/web/filters/CFilter.php(40): CFilterChain->run()
#20 /opt/lampp/htdocs/mts/framework/web/CController.php(1145): CAccessControlFilter->filter()
#21 /opt/lampp/htdocs/mts/framework/web/filters/CInlineFilter.php(58): MaterialController->filterAccessControl()
#22 /opt/lampp/htdocs/mts/framework/web/filters/CFilterChain.php(130): CInlineFilter->filter()
#23 /opt/lampp/htdocs/mts/framework/web/CController.php(291): CFilterChain->run()
#24 /opt/lampp/htdocs/mts/framework/web/CController.php(265): MaterialController->runActionWithFilters()
#25 /opt/lampp/htdocs/mts/framework/web/CWebApplication.php(282): MaterialController->run()
#26 /opt/lampp/htdocs/mts/framework/web/CWebApplication.php(141): CWebApplication->runController()
#27 /opt/lampp/htdocs/mts/framework/base/CApplication.php(180): CWebApplication->processRequest()
#28 /opt/lampp/htdocs/mts/index.php(13): CWebApplication->run()
REQUEST_URI=/mts/index.php/material/index
in /opt/lampp/htdocs/mts/protected/views/material/index.php (86)
in /opt/lampp/htdocs/mts/protected/views/material/index.php (433)
in /opt/lampp/htdocs/mts/protected/controllers/MaterialController.php (378)
2018/12/18 22:42:18 [warning] [application] Failed to set unsafe attribute "status" of "Material".
in /opt/lampp/htdocs/mts/protected/controllers/KomController.php (106)
in /opt/lampp/htdocs/mts/index.php (13)
2018/12/18 22:46:40 [warning] [application] Failed to set unsafe attribute "status" of "Material".
in /opt/lampp/htdocs/mts/protected/controllers/PengirimanController.php (58)
in /opt/lampp/htdocs/mts/index.php (13)
2018/12/18 23:11:41 [error] [php] Trying to get property of non-object (/opt/lampp/htdocs/mts/framework/base/CComponent.php(612) : eval()'d code:1)
Stack trace:
#0 /opt/lampp/htdocs/mts/framework/zii/widgets/grid/CGridColumn.php(151): CDataColumn->renderDataCellContent()
#1 /opt/lampp/htdocs/mts/framework/zii/widgets/grid/CGridView.php(616): CDataColumn->renderDataCell()
#2 /opt/lampp/htdocs/mts/framework/zii/widgets/grid/CGridView.php(572): CGridView->renderTableRow()
#3 /opt/lampp/htdocs/mts/framework/zii/widgets/grid/CGridView.php(482): CGridView->renderTableBody()
#4 /opt/lampp/htdocs/mts/framework/zii/widgets/CBaseListView.php(167): CGridView->renderItems()
#5 unknown(0): CGridView->renderSection()
#6 /opt/lampp/htdocs/mts/framework/zii/widgets/CBaseListView.php(150): preg_replace_callback()
#7 /opt/lampp/htdocs/mts/framework/zii/widgets/CBaseListView.php(135): CGridView->renderContent()
#8 /opt/lampp/htdocs/mts/framework/web/CBaseController.php(173): CGridView->run()
#9 /opt/lampp/htdocs/mts/protected/views/material/admin.php(56): MaterialController->widget()
#10 /opt/lampp/htdocs/mts/framework/web/CBaseController.php(126): require()
#11 /opt/lampp/htdocs/mts/framework/web/CBaseController.php(95): MaterialController->renderInternal()
#12 /opt/lampp/htdocs/mts/framework/web/CController.php(869): MaterialController->renderFile()
#13 /opt/lampp/htdocs/mts/framework/web/CController.php(782): MaterialController->renderPartial()
#14 /opt/lampp/htdocs/mts/protected/controllers/MaterialController.php(414): MaterialController->render()
#15 /opt/lampp/htdocs/mts/framework/web/actions/CInlineAction.php(49): MaterialController->actionAdmin()
#16 /opt/lampp/htdocs/mts/framework/web/CController.php(308): CInlineAction->runWithParams()
#17 /opt/lampp/htdocs/mts/framework/web/filters/CFilterChain.php(133): MaterialController->runAction()
#18 /opt/lampp/htdocs/mts/framework/web/filters/CFilter.php(40): CFilterChain->run()
#19 /opt/lampp/htdocs/mts/framework/web/CController.php(1145): CAccessControlFilter->filter()
#20 /opt/lampp/htdocs/mts/framework/web/filters/CInlineFilter.php(58): MaterialController->filterAccessControl()
#21 /opt/lampp/htdocs/mts/framework/web/filters/CFilterChain.php(130): CInlineFilter->filter()
#22 /opt/lampp/htdocs/mts/framework/web/CController.php(291): CFilterChain->run()
#23 /opt/lampp/htdocs/mts/framework/web/CController.php(265): MaterialController->runActionWithFilters()
#24 /opt/lampp/htdocs/mts/framework/web/CWebApplication.php(282): MaterialController->run()
#25 /opt/lampp/htdocs/mts/framework/web/CWebApplication.php(141): CWebApplication->runController()
#26 /opt/lampp/htdocs/mts/framework/base/CApplication.php(180): CWebApplication->processRequest()
#27 /opt/lampp/htdocs/mts/index.php(13): CWebApplication->run()
REQUEST_URI=/mts/index.php/material/admin
in /opt/lampp/htdocs/mts/protected/views/material/admin.php (56)
in /opt/lampp/htdocs/mts/protected/controllers/MaterialController.php (414)
in /opt/lampp/htdocs/mts/index.php (13)
2018/12/18 23:13:00 [error] [php] Trying to get property of non-object (/opt/lampp/htdocs/mts/protected/views/material/log.php:47)
Stack trace:
#0 /opt/lampp/htdocs/mts/framework/web/CController.php(869): MaterialController->renderFile()
#1 /opt/lampp/htdocs/mts/framework/web/CController.php(782): MaterialController->renderPartial()
#2 /opt/lampp/htdocs/mts/protected/controllers/MaterialController.php(151): MaterialController->render()
#3 unknown(0): MaterialController->actionLog()
#4 /opt/lampp/htdocs/mts/framework/web/actions/CAction.php(108): ReflectionMethod->invokeArgs()
#5 /opt/lampp/htdocs/mts/framework/web/actions/CInlineAction.php(47): CInlineAction->runWithParamsInternal()
#6 /opt/lampp/htdocs/mts/framework/web/CController.php(308): CInlineAction->runWithParams()
#7 /opt/lampp/htdocs/mts/framework/web/filters/CFilterChain.php(133): MaterialController->runAction()
#8 /opt/lampp/htdocs/mts/framework/web/filters/CFilter.php(40): CFilterChain->run()
#9 /opt/lampp/htdocs/mts/framework/web/CController.php(1145): CAccessControlFilter->filter()
#10 /opt/lampp/htdocs/mts/framework/web/filters/CInlineFilter.php(58): MaterialController->filterAccessControl()
#11 /opt/lampp/htdocs/mts/framework/web/filters/CFilterChain.php(130): CInlineFilter->filter()
#12 /opt/lampp/htdocs/mts/framework/web/CController.php(291): CFilterChain->run()
#13 /opt/lampp/htdocs/mts/framework/web/CController.php(265): MaterialController->runActionWithFilters()
#14 /opt/lampp/htdocs/mts/framework/web/CWebApplication.php(282): MaterialController->run()
#15 /opt/lampp/htdocs/mts/framework/web/CWebApplication.php(141): CWebApplication->runController()
#16 /opt/lampp/htdocs/mts/framework/base/CApplication.php(180): CWebApplication->processRequest()
#17 /opt/lampp/htdocs/mts/index.php(13): CWebApplication->run()
REQUEST_URI=/mts/index.php/material/log/49
in /opt/lampp/htdocs/mts/protected/views/material/log.php (47)
in /opt/lampp/htdocs/mts/protected/controllers/MaterialController.php (151)
in /opt/lampp/htdocs/mts/index.php (13)
2018/12/18 23:21:59 [error] [exception.ParseError] ParseError: syntax error, unexpected '}' in /opt/lampp/htdocs/mts/protected/views/material/log.php:52
Stack trace:
#0 /opt/lampp/htdocs/mts/framework/web/CBaseController.php(95): CBaseController->renderInternal('/opt/lampp/htdo...', Array, true)
#1 /opt/lampp/htdocs/mts/framework/web/CController.php(869): CBaseController->renderFile('/opt/lampp/htdo...', Array, true)
#2 /opt/lampp/htdocs/mts/framework/web/CController.php(782): CController->renderPartial('log', Array, true)
#3 /opt/lampp/htdocs/mts/protected/controllers/MaterialController.php(151): CController->render('log', Array)
#4 [internal function]: MaterialController->actionLog('49')
#5 /opt/lampp/htdocs/mts/framework/web/actions/CAction.php(108): ReflectionMethod->invokeArgs(Object(MaterialController), Array)
#6 /opt/lampp/htdocs/mts/framework/web/actions/CInlineAction.php(47): CAction->runWithParamsInternal(Object(MaterialController), Object(ReflectionMethod), Array)
#7 /opt/lampp/htdocs/mts/framework/web/CController.php(308): CInlineAction->runWithParams(Array)
#8 /opt/lampp/htdocs/mts/framework/web/filters/CFilterChain.php(133): CController->runAction(Object(CInlineAction))
#9 /opt/lampp/htdocs/mts/framework/web/filters/CFilter.php(40): CFilterChain->run()
#10 /opt/lampp/htdocs/mts/framework/web/CController.php(1145): CFilter->filter(Object(CFilterChain))
#11 /opt/lampp/htdocs/mts/framework/web/filters/CInlineFilter.php(58): CController->filterAccessControl(Object(CFilterChain))
#12 /opt/lampp/htdocs/mts/framework/web/filters/CFilterChain.php(130): CInlineFilter->filter(Object(CFilterChain))
#13 /opt/lampp/htdocs/mts/framework/web/CController.php(291): CFilterChain->run()
#14 /opt/lampp/htdocs/mts/framework/web/CController.php(265): CController->runActionWithFilters(Object(CInlineAction), Array)
#15 /opt/lampp/htdocs/mts/framework/web/CWebApplication.php(282): CController->run('log')
#16 /opt/lampp/htdocs/mts/framework/web/CWebApplication.php(141): CWebApplication->runController('material/log')
#17 /opt/lampp/htdocs/mts/framework/base/CApplication.php(180): CWebApplication->processRequest()
#18 /opt/lampp/htdocs/mts/index.php(13): CApplication->run()
#19 {main}
REQUEST_URI=/mts/index.php/material/log/49
HTTP_REFERER=http://localhost/mts/index.php/material/admin
---
2018/12/18 23:23:01 [error] [exception.ParseError] ParseError: syntax error, unexpected '}' in /opt/lampp/htdocs/mts/protected/views/material/log.php:52
Stack trace:
#0 /opt/lampp/htdocs/mts/framework/web/CBaseController.php(95): CBaseController->renderInternal('/opt/lampp/htdo...', Array, true)
#1 /opt/lampp/htdocs/mts/framework/web/CController.php(869): CBaseController->renderFile('/opt/lampp/htdo...', Array, true)
#2 /opt/lampp/htdocs/mts/framework/web/CController.php(782): CController->renderPartial('log', Array, true)
#3 /opt/lampp/htdocs/mts/protected/controllers/MaterialController.php(151): CController->render('log', Array)
#4 [internal function]: MaterialController->actionLog('49')
#5 /opt/lampp/htdocs/mts/framework/web/actions/CAction.php(108): ReflectionMethod->invokeArgs(Object(MaterialController), Array)
#6 /opt/lampp/htdocs/mts/framework/web/actions/CInlineAction.php(47): CAction->runWithParamsInternal(Object(MaterialController), Object(ReflectionMethod), Array)
#7 /opt/lampp/htdocs/mts/framework/web/CController.php(308): CInlineAction->runWithParams(Array)
#8 /opt/lampp/htdocs/mts/framework/web/filters/CFilterChain.php(133): CController->runAction(Object(CInlineAction))
#9 /opt/lampp/htdocs/mts/framework/web/filters/CFilter.php(40): CFilterChain->run()
#10 /opt/lampp/htdocs/mts/framework/web/CController.php(1145): CFilter->filter(Object(CFilterChain))
#11 /opt/lampp/htdocs/mts/framework/web/filters/CInlineFilter.php(58): CController->filterAccessControl(Object(CFilterChain))
#12 /opt/lampp/htdocs/mts/framework/web/filters/CFilterChain.php(130): CInlineFilter->filter(Object(CFilterChain))
#13 /opt/lampp/htdocs/mts/framework/web/CController.php(291): CFilterChain->run()
#14 /opt/lampp/htdocs/mts/framework/web/CController.php(265): CController->runActionWithFilters(Object(CInlineAction), Array)
#15 /opt/lampp/htdocs/mts/framework/web/CWebApplication.php(282): CController->run('log')
#16 /opt/lampp/htdocs/mts/framework/web/CWebApplication.php(141): CWebApplication->runController('material/log')
#17 /opt/lampp/htdocs/mts/framework/base/CApplication.php(180): CWebApplication->processRequest()
#18 /opt/lampp/htdocs/mts/index.php(13): CApplication->run()
#19 {main}
REQUEST_URI=/mts/index.php/material/log/49
HTTP_REFERER=http://localhost/mts/index.php/material/admin
---
2018/12/18 23:23:56 [error] [exception.ParseError] ParseError: syntax error, unexpected '}' in /opt/lampp/htdocs/mts/protected/views/material/log.php:52
Stack trace:
#0 /opt/lampp/htdocs/mts/framework/web/CBaseController.php(95): CBaseController->renderInternal('/opt/lampp/htdo...', Array, true)
#1 /opt/lampp/htdocs/mts/framework/web/CController.php(869): CBaseController->renderFile('/opt/lampp/htdo...', Array, true)
#2 /opt/lampp/htdocs/mts/framework/web/CController.php(782): CController->renderPartial('log', Array, true)
#3 /opt/lampp/htdocs/mts/protected/controllers/MaterialController.php(151): CController->render('log', Array)
#4 [internal function]: MaterialController->actionLog('49')
#5 /opt/lampp/htdocs/mts/framework/web/actions/CAction.php(108): ReflectionMethod->invokeArgs(Object(MaterialController), Array)
#6 /opt/lampp/htdocs/mts/framework/web/actions/CInlineAction.php(47): CAction->runWithParamsInternal(Object(MaterialController), Object(ReflectionMethod), Array)
#7 /opt/lampp/htdocs/mts/framework/web/CController.php(308): CInlineAction->runWithParams(Array)
#8 /opt/lampp/htdocs/mts/framework/web/filters/CFilterChain.php(133): CController->runAction(Object(CInlineAction))
#9 /opt/lampp/htdocs/mts/framework/web/filters/CFilter.php(40): CFilterChain->run()
#10 /opt/lampp/htdocs/mts/framework/web/CController.php(1145): CFilter->filter(Object(CFilterChain))
#11 /opt/lampp/htdocs/mts/framework/web/filters/CInlineFilter.php(58): CController->filterAccessControl(Object(CFilterChain))
#12 /opt/lampp/htdocs/mts/framework/web/filters/CFilterChain.php(130): CInlineFilter->filter(Object(CFilterChain))
#13 /opt/lampp/htdocs/mts/framework/web/CController.php(291): CFilterChain->run()
#14 /opt/lampp/htdocs/mts/framework/web/CController.php(265): CController->runActionWithFilters(Object(CInlineAction), Array)
#15 /opt/lampp/htdocs/mts/framework/web/CWebApplication.php(282): CController->run('log')
#16 /opt/lampp/htdocs/mts/framework/web/CWebApplication.php(141): CWebApplication->runController('material/log')
#17 /opt/lampp/htdocs/mts/framework/base/CApplication.php(180): CWebApplication->processRequest()
#18 /opt/lampp/htdocs/mts/index.php(13): CApplication->run()
#19 {main}
REQUEST_URI=/mts/index.php/material/log/49
HTTP_REFERER=http://localhost/mts/index.php/material/admin
---
2018/12/18 23:24:36 [error] [exception.ParseError] ParseError: syntax error, unexpected '}' in /opt/lampp/htdocs/mts/protected/views/material/log.php:52
Stack trace:
#0 /opt/lampp/htdocs/mts/framework/web/CBaseController.php(95): CBaseController->renderInternal('/opt/lampp/htdo...', Array, true)
#1 /opt/lampp/htdocs/mts/framework/web/CController.php(869): CBaseController->renderFile('/opt/lampp/htdo...', Array, true)
#2 /opt/lampp/htdocs/mts/framework/web/CController.php(782): CController->renderPartial('log', Array, true)
#3 /opt/lampp/htdocs/mts/protected/controllers/MaterialController.php(151): CController->render('log', Array)
#4 [internal function]: MaterialController->actionLog('49')
#5 /opt/lampp/htdocs/mts/framework/web/actions/CAction.php(108): ReflectionMethod->invokeArgs(Object(MaterialController), Array)
#6 /opt/lampp/htdocs/mts/framework/web/actions/CInlineAction.php(47): CAction->runWithParamsInternal(Object(MaterialController), Object(ReflectionMethod), Array)
#7 /opt/lampp/htdocs/mts/framework/web/CController.php(308): CInlineAction->runWithParams(Array)
#8 /opt/lampp/htdocs/mts/framework/web/filters/CFilterChain.php(133): CController->runAction(Object(CInlineAction))
#9 /opt/lampp/htdocs/mts/framework/web/filters/CFilter.php(40): CFilterChain->run()
#10 /opt/lampp/htdocs/mts/framework/web/CController.php(1145): CFilter->filter(Object(CFilterChain))
#11 /opt/lampp/htdocs/mts/framework/web/filters/CInlineFilter.php(58): CController->filterAccessControl(Object(CFilterChain))
#12 /opt/lampp/htdocs/mts/framework/web/filters/CFilterChain.php(130): CInlineFilter->filter(Object(CFilterChain))
#13 /opt/lampp/htdocs/mts/framework/web/CController.php(291): CFilterChain->run()
#14 /opt/lampp/htdocs/mts/framework/web/CController.php(265): CController->runActionWithFilters(Object(CInlineAction), Array)
#15 /opt/lampp/htdocs/mts/framework/web/CWebApplication.php(282): CController->run('log')
#16 /opt/lampp/htdocs/mts/framework/web/CWebApplication.php(141): CWebApplication->runController('material/log')
#17 /opt/lampp/htdocs/mts/framework/base/CApplication.php(180): CWebApplication->processRequest()
#18 /opt/lampp/htdocs/mts/index.php(13): CApplication->run()
#19 {main}
REQUEST_URI=/mts/index.php/material/log/49
HTTP_REFERER=http://localhost/mts/index.php/material/admin
---
2018/12/18 23:25:45 [error] [php] Trying to get property of non-object (/opt/lampp/htdocs/mts/protected/views/material/detail.php:44)
Stack trace:
#0 /opt/lampp/htdocs/mts/framework/web/CController.php(869): MaterialController->renderFile()
#1 /opt/lampp/htdocs/mts/framework/web/CController.php(782): MaterialController->renderPartial()
#2 /opt/lampp/htdocs/mts/protected/controllers/MaterialController.php(107): MaterialController->render()
#3 unknown(0): MaterialController->actionDetail()
#4 /opt/lampp/htdocs/mts/framework/web/actions/CAction.php(108): ReflectionMethod->invokeArgs()
#5 /opt/lampp/htdocs/mts/framework/web/actions/CInlineAction.php(47): CInlineAction->runWithParamsInternal()
#6 /opt/lampp/htdocs/mts/framework/web/CController.php(308): CInlineAction->runWithParams()
#7 /opt/lampp/htdocs/mts/framework/web/filters/CFilterChain.php(133): MaterialController->runAction()
#8 /opt/lampp/htdocs/mts/framework/web/filters/CFilter.php(40): CFilterChain->run()
#9 /opt/lampp/htdocs/mts/framework/web/CController.php(1145): CAccessControlFilter->filter()
#10 /opt/lampp/htdocs/mts/framework/web/filters/CInlineFilter.php(58): MaterialController->filterAccessControl()
#11 /opt/lampp/htdocs/mts/framework/web/filters/CFilterChain.php(130): CInlineFilter->filter()
#12 /opt/lampp/htdocs/mts/framework/web/CController.php(291): CFilterChain->run()
#13 /opt/lampp/htdocs/mts/framework/web/CController.php(265): MaterialController->runActionWithFilters()
#14 /opt/lampp/htdocs/mts/framework/web/CWebApplication.php(282): MaterialController->run()
#15 /opt/lampp/htdocs/mts/framework/web/CWebApplication.php(141): CWebApplication->runController()
#16 /opt/lampp/htdocs/mts/framework/base/CApplication.php(180): CWebApplication->processRequest()
#17 /opt/lampp/htdocs/mts/index.php(13): CWebApplication->run()
REQUEST_URI=/mts/index.php/material/detail/47
in /opt/lampp/htdocs/mts/protected/views/material/detail.php (44)
in /opt/lampp/htdocs/mts/protected/controllers/MaterialController.php (107)
in /opt/lampp/htdocs/mts/index.php (13)
2018/12/18 23:34:52 [error] [php] Trying to get property of non-object (/opt/lampp/htdocs/mts/protected/views/material/detail.php:40)
Stack trace:
#0 /opt/lampp/htdocs/mts/framework/web/CController.php(869): MaterialController->renderFile()
#1 /opt/lampp/htdocs/mts/framework/web/CController.php(782): MaterialController->renderPartial()
#2 /opt/lampp/htdocs/mts/protected/controllers/MaterialController.php(107): MaterialController->render()
#3 unknown(0): MaterialController->actionDetail()
#4 /opt/lampp/htdocs/mts/framework/web/actions/CAction.php(108): ReflectionMethod->invokeArgs()
#5 /opt/lampp/htdocs/mts/framework/web/actions/CInlineAction.php(47): CInlineAction->runWithParamsInternal()
#6 /opt/lampp/htdocs/mts/framework/web/CController.php(308): CInlineAction->runWithParams()
#7 /opt/lampp/htdocs/mts/framework/web/filters/CFilterChain.php(133): MaterialController->runAction()
#8 /opt/lampp/htdocs/mts/framework/web/filters/CFilter.php(40): CFilterChain->run()
#9 /opt/lampp/htdocs/mts/framework/web/CController.php(1145): CAccessControlFilter->filter()
#10 /opt/lampp/htdocs/mts/framework/web/filters/CInlineFilter.php(58): MaterialController->filterAccessControl()
#11 /opt/lampp/htdocs/mts/framework/web/filters/CFilterChain.php(130): CInlineFilter->filter()
#12 /opt/lampp/htdocs/mts/framework/web/CController.php(291): CFilterChain->run()
#13 /opt/lampp/htdocs/mts/framework/web/CController.php(265): MaterialController->runActionWithFilters()
#14 /opt/lampp/htdocs/mts/framework/web/CWebApplication.php(282): MaterialController->run()
#15 /opt/lampp/htdocs/mts/framework/web/CWebApplication.php(141): CWebApplication->runController()
#16 /opt/lampp/htdocs/mts/framework/base/CApplication.php(180): CWebApplication->processRequest()
#17 /opt/lampp/htdocs/mts/index.php(13): CWebApplication->run()
REQUEST_URI=/mts/index.php/material/detail/49
in /opt/lampp/htdocs/mts/protected/views/material/detail.php (40)
in /opt/lampp/htdocs/mts/protected/controllers/MaterialController.php (107)
in /opt/lampp/htdocs/mts/index.php (13)
